<?xml version="1.0" encoding="UTF-8"?>
<!-- Generated by org.testng.reporters.JUnitReportReporter -->
<testsuite hostname="Sayan" failures="0" tests="1" name="com.test.ProductSearch" time="1.928" errors="0" timestamp="2023-06-08T14:26:04 IST" skipped="0">
  <testcase classname="com.test.ProductSearch" name="addToCart" time="1.928"/>
  <system-out/>
</testsuite> <!-- com.test.ProductSearch -->
