<?xml version="1.0" encoding="UTF-8"?>
<!-- Generated by org.testng.reporters.JUnitReportReporter -->
<testsuite hostname="Sayan" failures="0" tests="1" name="com.test.Login" time="2.028" errors="0" timestamp="2023-06-08T14:26:04 IST" skipped="0">
  <testcase classname="com.test.Login" name="customerLogin" time="2.028"/>
  <system-out/>
</testsuite> <!-- com.test.Login -->
